current directory: /Users/srgajula/Desktop/Sravan-Desktop/TestWorkspace/sample_assignment/.bundle/ruby/2.5.0/gems/puma-5.2.2/ext/puma_http11
/usr/local/rvm/rubies/ruby-2.5.0/bin/ruby -I /usr/local/rvm/rubies/ruby-2.5.0/lib/ruby/site_ruby/2.5.0 -r ./siteconf20210407-19144-1ov5rrj.rb extconf.rb
checking for BIO_read() in -lcrypto... yes
checking for SSL_CTX_new() in -lssl... yes
checking for openssl/bio.h... yes
checking for DTLS_method() in openssl/ssl.h... yes
checking for TLS_server_method() in openssl/ssl.h... yes
checking for SSL_CTX_set_min_proto_version(NULL, 0) in openssl/ssl.h... yes
checking for X509_STORE_up_ref()... yes
checking for SSL_CTX_set_ecdh_auto(NULL, 0) in openssl/ssl.h... yes
creating Makefile

current directory: /Users/srgajula/Desktop/Sravan-Desktop/TestWorkspace/sample_assignment/.bundle/ruby/2.5.0/gems/puma-5.2.2/ext/puma_http11
make "DESTDIR=" clean

current directory: /Users/srgajula/Desktop/Sravan-Desktop/TestWorkspace/sample_assignment/.bundle/ruby/2.5.0/gems/puma-5.2.2/ext/puma_http11
make "DESTDIR="
compiling http11_parser.c
compiling mini_ssl.c
compiling puma_http11.c
linking shared-object puma/puma_http11.bundle

current directory: /Users/srgajula/Desktop/Sravan-Desktop/TestWorkspace/sample_assignment/.bundle/ruby/2.5.0/gems/puma-5.2.2/ext/puma_http11
make "DESTDIR=" install
/usr/local/opt/coreutils/bin/ginstall -c -m 0755 puma_http11.bundle ./.gem.20210407-19144-m8dux1/puma
